app/build/intermediates/manifest_merge_blame_file/debug/manifest-merger-blame-debug-report.txt
1<?xml version="1.0" encoding="utf-8"?>
2<manifest xmlns:android="http://schemas.android.com/apk/res/android"
3    package="com.example.squirrelwarehouse"
4    android:versionCode="1"
5    android:versionName="1.0" >
6
7    <uses-sdk
7-->src\main\AndroidManifest.xml:8:5-10:41
8        android:minSdkVersion="28"
8-->src\main\AndroidManifest.xml:9:9-35
9        android:targetSdkVersion="30" />
9-->src\main\AndroidManifest.xml:10:9-38
10
11    <!-- Include required permissions for Google Maps API to run. -->
12    <uses-permission android:name="android.permission.ACCESS_NETWORK_STATE" />
12-->src\main\AndroidManifest.xml:13:5-79
12-->src\main\AndroidManifest.xml:13:22-76
13    <uses-permission android:name="android.permission.INTERNET" />
13-->src\main\AndroidManifest.xml:14:5-67
13-->src\main\AndroidManifest.xml:14:22-64
14
15    <uses-feature
15-->src\main\AndroidManifest.xml:16:5-18:35
16        android:glEsVersion="0x00020000"
16-->src\main\AndroidManifest.xml:17:9-41
17        android:required="true" />
17-->src\main\AndroidManifest.xml:18:9-32
18
19    <application
19-->src\main\AndroidManifest.xml:20:5-229:19
20        android:allowBackup="true"
20-->src\main\AndroidManifest.xml:21:9-35
21        android:appComponentFactory="androidx.core.app.CoreComponentFactory"
21-->src\main\AndroidManifest.xml:22:9-77
22        android:debuggable="true"
22-->src\main\AndroidManifest.xml:23:9-34
23        android:extractNativeLibs="false"
23-->src\main\AndroidManifest.xml:24:9-42
24        android:icon="@mipmap/ic_launcher"
24-->src\main\AndroidManifest.xml:25:9-43
25        android:label="@string/app_name"
25-->src\main\AndroidManifest.xml:26:9-41
26        android:roundIcon="@mipmap/ic_launcher_round"
26-->src\main\AndroidManifest.xml:27:9-54
27        android:supportsRtl="true"
27-->src\main\AndroidManifest.xml:28:9-35
28        android:testOnly="true"
28-->src\main\AndroidManifest.xml:29:9-32
29        android:theme="@style/Theme.SquirrelWarehouse" >
29-->src\main\AndroidManifest.xml:30:9-55
30        <meta-data
30-->src\main\AndroidManifest.xml:32:9-34:71
31            android:name="com.google.android.geo.API_KEY"
31-->src\main\AndroidManifest.xml:33:13-58
32            android:value="AIzaSyCYOxK9NQsty3XveGp_ZIYPEtymlbTAM-E" />
32-->src\main\AndroidManifest.xml:34:13-68
33
34        <activity android:name="com.example.squirrelwarehouse.mapActivity" />
34-->src\main\AndroidManifest.xml:36:9-78
34-->src\main\AndroidManifest.xml:36:19-75
35        <activity android:name="com.example.squirrelwarehouse.MyPageActivity" />
35-->src\main\AndroidManifest.xml:37:9-81
35-->src\main\AndroidManifest.xml:37:19-78
36        <activity android:name="com.example.squirrelwarehouse.UserInfoActivity" />
36-->src\main\AndroidManifest.xml:38:9-83
36-->src\main\AndroidManifest.xml:38:19-80
37        <activity android:name="com.example.squirrelwarehouse.UserSettingActivity" />
37-->src\main\AndroidManifest.xml:39:9-86
37-->src\main\AndroidManifest.xml:39:19-83
38        <activity android:name="com.example.squirrelwarehouse.SignUpActivity" />
38-->src\main\AndroidManifest.xml:40:9-81
38-->src\main\AndroidManifest.xml:40:19-78
39        <activity android:name="com.example.squirrelwarehouse.LogInActivity" >
39-->src\main\AndroidManifest.xml:41:9-48:20
39-->src\main\AndroidManifest.xml:41:19-77
40
41            <!--
42                       <intent-filter>
43                           <action android:name="android.intent.action.MAIN" />
44                           <category android:name="android.intent.category.LAUNCHER" />
45                       </intent-filter>
46            -->
47        </activity>
48        <activity android:name="com.example.squirrelwarehouse.ChatLogActivity" >
48-->src\main\AndroidManifest.xml:49:9-53:20
48-->src\main\AndroidManifest.xml:49:19-79
49            <meta-data
49-->src\main\AndroidManifest.xml:50:13-52:58
50                android:name="android.support.PARENT_ACTIVITY"
50-->src\main\AndroidManifest.xml:51:17-63
51                android:value=".LatestMessageActivity" />
51-->src\main\AndroidManifest.xml:52:17-55
52        </activity>
53        <activity android:name="com.example.squirrelwarehouse.LatestMessageActivity" >
53-->src\main\AndroidManifest.xml:54:9-61:20
53-->src\main\AndroidManifest.xml:54:19-85
54
55            <!--
56            <intent-filter>
57                <action android:name="android.intent.action.MAIN" />
58                <category android:name="android.intent.category.LAUNCHER" />
59            </intent-filter>
60            -->
61        </activity>
62        <activity android:name="com.example.squirrelwarehouse.SplashActivity" />
62-->src\main\AndroidManifest.xml:62:9-81
62-->src\main\AndroidManifest.xml:62:19-78
63        <activity android:name="com.example.squirrelwarehouse.ReportActivity" />
63-->src\main\AndroidManifest.xml:63:9-81
63-->src\main\AndroidManifest.xml:63:19-78
64        <activity android:name="com.example.squirrelwarehouse.TermsAndConditionsActivity" />
64-->src\main\AndroidManifest.xml:64:9-93
64-->src\main\AndroidManifest.xml:64:19-90
65        <activity android:name="com.example.squirrelwarehouse.DeleteAccountActivity" />
65-->src\main\AndroidManifest.xml:65:9-88
65-->src\main\AndroidManifest.xml:65:19-85
66        <activity android:name="com.example.squirrelwarehouse.SetLocationInformationActivity" />
66-->src\main\AndroidManifest.xml:66:9-97
66-->src\main\AndroidManifest.xml:66:19-94
67        <activity android:name="com.example.squirrelwarehouse.ProductFormActivity" >
67-->src\main\AndroidManifest.xml:67:9-74:20
67-->src\main\AndroidManifest.xml:67:19-83
68
69            <!--
70            <intent-filter>
71                <action android:name="android.intent.action.MAIN" />
72                <category android:name="android.intent.category.LAUNCHER" />
73            </intent-filter>
74            -->
75        </activity>
76        <activity android:name="com.example.squirrelwarehouse.ProductDetailActivity" />
76-->src\main\AndroidManifest.xml:75:9-88
76-->src\main\AndroidManifest.xml:75:19-85
77        <activity
77-->src\main\AndroidManifest.xml:76:9-78:50
78            android:name="com.example.squirrelwarehouse.ProductDetailSubmenuActivity"
78-->src\main\AndroidManifest.xml:77:13-86
79            android:theme="@style/Transparent" />
79-->src\main\AndroidManifest.xml:78:13-47
80        <activity android:name="com.example.squirrelwarehouse.ListViewActivity" >
80-->src\main\AndroidManifest.xml:79:9-86:20
80-->src\main\AndroidManifest.xml:79:19-80
81
82            <!--
83            <intent-filter>
84                <action android:name="android.intent.action.MAIN" />
85                <category android:name="android.intent.category.LAUNCHER" />
86            </intent-filter>
87            -->
88        </activity>
89        <activity android:name="com.example.squirrelwarehouse.MainMore" >
89-->src\main\AndroidManifest.xml:87:9-93:20
89-->src\main\AndroidManifest.xml:87:19-43
90
91            <!-- 메인 더보기 -->
92            <intent-filter>
92-->src\main\AndroidManifest.xml:89:13-92:29
93                <action android:name="android.intent.action.MAIN" />
93-->src\main\AndroidManifest.xml:90:17-69
93-->src\main\AndroidManifest.xml:90:25-66
94
95                <category android:name="android.intent.category.LAUNCHER" />
95-->src\main\AndroidManifest.xml:91:17-77
95-->src\main\AndroidManifest.xml:91:27-74
96            </intent-filter>
97        </activity>
98        <activity android:name="com.example.squirrelwarehouse.MainActivity" >
98-->src\main\AndroidManifest.xml:94:9-101:20
98-->src\main\AndroidManifest.xml:94:19-76
99
100            <!--
101            <intent-filter>
102                <action android:name="android.intent.action.MAIN" />
103                <category android:name="android.intent.category.LAUNCHER" />
104            </intent-filter>
105            -->
106        </activity>
107
108        <service
108-->src\main\AndroidManifest.xml:103:9-141:19
109            android:name="com.google.firebase.components.ComponentDiscoveryService"
109-->src\main\AndroidManifest.xml:104:13-84
110            android:directBootAware="true"
110-->src\main\AndroidManifest.xml:105:13-43
111            android:exported="false" >
111-->src\main\AndroidManifest.xml:106:13-37
112            <meta-data
112-->src\main\AndroidManifest.xml:107:13-109:85
113                android:name="com.google.firebase.components:com.google.firebase.storage.ktx.FirebaseStorageKtxRegistrar"
113-->src\main\AndroidManifest.xml:108:17-122
114                android:value="com.google.firebase.components.ComponentRegistrar" />
114-->src\main\AndroidManifest.xml:109:17-82
115            <meta-data
115-->src\main\AndroidManifest.xml:110:13-112:85
116                android:name="com.google.firebase.components:com.google.firebase.database.ktx.FirebaseDatabaseKtxRegistrar"
116-->src\main\AndroidManifest.xml:111:17-124
117                android:value="com.google.firebase.components.ComponentRegistrar" />
117-->src\main\AndroidManifest.xml:112:17-82
118            <meta-data
118-->src\main\AndroidManifest.xml:113:13-115:85
119                android:name="com.google.firebase.components:com.google.firebase.firestore.ktx.FirebaseFirestoreKtxRegistrar"
119-->src\main\AndroidManifest.xml:114:17-126
120                android:value="com.google.firebase.components.ComponentRegistrar" />
120-->src\main\AndroidManifest.xml:115:17-82
121            <meta-data
121-->src\main\AndroidManifest.xml:116:13-118:85
122                android:name="com.google.firebase.components:com.google.firebase.auth.ktx.FirebaseAuthKtxRegistrar"
122-->src\main\AndroidManifest.xml:117:17-116
123                android:value="com.google.firebase.components.ComponentRegistrar" />
123-->src\main\AndroidManifest.xml:118:17-82
124            <meta-data
124-->src\main\AndroidManifest.xml:119:13-121:85
125                android:name="com.google.firebase.components:com.google.firebase.ktx.FirebaseCommonKtxRegistrar"
125-->src\main\AndroidManifest.xml:120:17-113
126                android:value="com.google.firebase.components.ComponentRegistrar" />
126-->src\main\AndroidManifest.xml:121:17-82
127            <meta-data
127-->src\main\AndroidManifest.xml:122:13-124:85
128                android:name="com.google.firebase.components:com.google.firebase.auth.FirebaseAuthRegistrar"
128-->src\main\AndroidManifest.xml:123:17-109
129                android:value="com.google.firebase.components.ComponentRegistrar" />
129-->src\main\AndroidManifest.xml:124:17-82
130            <meta-data
130-->src\main\AndroidManifest.xml:125:13-127:85
131                android:name="com.google.firebase.components:com.google.firebase.firestore.FirestoreRegistrar"
131-->src\main\AndroidManifest.xml:126:17-111
132                android:value="com.google.firebase.components.ComponentRegistrar" />
132-->src\main\AndroidManifest.xml:127:17-82
133            <meta-data
133-->src\main\AndroidManifest.xml:128:13-130:85
134                android:name="com.google.firebase.components:com.google.firebase.storage.StorageRegistrar"
134-->src\main\AndroidManifest.xml:129:17-107
135                android:value="com.google.firebase.components.ComponentRegistrar" />
135-->src\main\AndroidManifest.xml:130:17-82
136            <meta-data
136-->src\main\AndroidManifest.xml:131:13-133:85
137                android:name="com.google.firebase.components:com.google.firebase.database.DatabaseRegistrar"
137-->src\main\AndroidManifest.xml:132:17-109
138                android:value="com.google.firebase.components.ComponentRegistrar" />
138-->src\main\AndroidManifest.xml:133:17-82
139            <!--
140                This registrar is not defined in the dynamic-module-support sdk itself to allow non-firebase
141                clients to use it as well, by defining this registrar in their own core/common library.
142            -->
143            <meta-data
143-->src\main\AndroidManifest.xml:138:13-140:85
144                android:name="com.google.firebase.components:com.google.firebase.dynamicloading.DynamicLoadingRegistrar"
144-->src\main\AndroidManifest.xml:139:17-121
145                android:value="com.google.firebase.components.ComponentRegistrar" />
145-->src\main\AndroidManifest.xml:140:17-82
146        </service> <!-- Needs to be explicitly declared on P+ -->
147        <uses-library
147-->src\main\AndroidManifest.xml:142:9-144:40
148            android:name="org.apache.http.legacy"
148-->src\main\AndroidManifest.xml:143:13-50
149            android:required="false" />
149-->src\main\AndroidManifest.xml:144:13-37
150
151        <activity
151-->src\main\AndroidManifest.xml:146:9-150:75
152            android:name="com.google.android.gms.auth.api.signin.internal.SignInHubActivity"
152-->src\main\AndroidManifest.xml:147:13-93
153            android:excludeFromRecents="true"
153-->src\main\AndroidManifest.xml:148:13-46
154            android:exported="false"
154-->src\main\AndroidManifest.xml:149:13-37
155            android:theme="@android:style/Theme.Translucent.NoTitleBar" />
155-->src\main\AndroidManifest.xml:150:13-72
156        <!--
157            Service handling Google Sign-In user revocation. For apps that do not integrate with
158            Google Sign-In, this service will never be started.
159        -->
160        <service
160-->src\main\AndroidManifest.xml:155:9-159:51
161            android:name="com.google.android.gms.auth.api.signin.RevocationBoundService"
161-->src\main\AndroidManifest.xml:156:13-89
162            android:exported="true"
162-->src\main\AndroidManifest.xml:157:13-36
163            android:permission="com.google.android.gms.auth.api.signin.permission.REVOCATION_NOTIFICATION"
163-->src\main\AndroidManifest.xml:158:13-107
164            android:visibleToInstantApps="true" />
164-->src\main\AndroidManifest.xml:159:13-48
165
166        <provider
166-->src\main\AndroidManifest.xml:161:9-164:40
167            android:name="com.squareup.picasso.PicassoProvider"
167-->src\main\AndroidManifest.xml:162:13-64
168            android:authorities="com.example.squirrelwarehouse.com.squareup.picasso"
168-->src\main\AndroidManifest.xml:163:13-85
169            android:exported="false" />
169-->src\main\AndroidManifest.xml:164:13-37
170
171        <activity
171-->src\main\AndroidManifest.xml:166:9-183:20
172            android:name="com.google.firebase.auth.internal.GenericIdpActivity"
172-->src\main\AndroidManifest.xml:167:13-80
173            android:excludeFromRecents="true"
173-->src\main\AndroidManifest.xml:168:13-46
174            android:exported="true"
174-->src\main\AndroidManifest.xml:169:13-36
175            android:launchMode="singleTask"
175-->src\main\AndroidManifest.xml:170:13-44
176            android:theme="@android:style/Theme.Translucent.NoTitleBar" >
176-->src\main\AndroidManifest.xml:171:13-72
177            <intent-filter>
177-->src\main\AndroidManifest.xml:172:13-182:29
178                <action android:name="android.intent.action.VIEW" />
178-->src\main\AndroidManifest.xml:173:17-69
178-->src\main\AndroidManifest.xml:173:25-66
179
180                <category android:name="android.intent.category.DEFAULT" />
180-->src\main\AndroidManifest.xml:175:17-76
180-->src\main\AndroidManifest.xml:175:27-73
181                <category android:name="android.intent.category.BROWSABLE" />
181-->src\main\AndroidManifest.xml:176:17-78
181-->src\main\AndroidManifest.xml:176:27-75
182
183                <data
183-->src\main\AndroidManifest.xml:178:17-181:51
184                    android:host="firebase.auth"
184-->src\main\AndroidManifest.xml:179:21-49
185                    android:path="/"
185-->src\main\AndroidManifest.xml:180:21-37
186                    android:scheme="genericidp" />
186-->src\main\AndroidManifest.xml:181:21-48
187            </intent-filter>
188        </activity>
189        <activity
189-->src\main\AndroidManifest.xml:184:9-201:20
190            android:name="com.google.firebase.auth.internal.RecaptchaActivity"
190-->src\main\AndroidManifest.xml:185:13-79
191            android:excludeFromRecents="true"
191-->src\main\AndroidManifest.xml:186:13-46
192            android:exported="true"
192-->src\main\AndroidManifest.xml:187:13-36
193            android:launchMode="singleTask"
193-->src\main\AndroidManifest.xml:188:13-44
194            android:theme="@android:style/Theme.Translucent.NoTitleBar" >
194-->src\main\AndroidManifest.xml:189:13-72
195            <intent-filter>
195-->src\main\AndroidManifest.xml:190:13-200:29
196                <action android:name="android.intent.action.VIEW" />
196-->src\main\AndroidManifest.xml:173:17-69
196-->src\main\AndroidManifest.xml:173:25-66
197
198                <category android:name="android.intent.category.DEFAULT" />
198-->src\main\AndroidManifest.xml:175:17-76
198-->src\main\AndroidManifest.xml:175:27-73
199                <category android:name="android.intent.category.BROWSABLE" />
199-->src\main\AndroidManifest.xml:176:17-78
199-->src\main\AndroidManifest.xml:176:27-75
200
201                <data
201-->src\main\AndroidManifest.xml:178:17-181:51
202                    android:host="firebase.auth"
202-->src\main\AndroidManifest.xml:179:21-49
203                    android:path="/"
203-->src\main\AndroidManifest.xml:180:21-37
204                    android:scheme="recaptcha" />
204-->src\main\AndroidManifest.xml:181:21-48
205            </intent-filter>
206        </activity>
207
208        <service
208-->src\main\AndroidManifest.xml:203:9-212:19
209            android:name="com.google.firebase.auth.api.fallback.service.FirebaseAuthFallbackService"
209-->src\main\AndroidManifest.xml:204:13-101
210            android:enabled="true"
210-->src\main\AndroidManifest.xml:205:13-35
211            android:exported="false" >
211-->src\main\AndroidManifest.xml:206:13-37
212            <intent-filter>
212-->src\main\AndroidManifest.xml:207:13-211:29
213                <action android:name="com.google.firebase.auth.api.gms.service.START" />
213-->src\main\AndroidManifest.xml:208:17-89
213-->src\main\AndroidManifest.xml:208:25-86
214
215                <category android:name="android.intent.category.DEFAULT" />
215-->src\main\AndroidManifest.xml:175:17-76
215-->src\main\AndroidManifest.xml:175:27-73
216            </intent-filter>
217        </service>
218
219        <provider
219-->src\main\AndroidManifest.xml:214:9-219:39
220            android:name="com.google.firebase.provider.FirebaseInitProvider"
220-->src\main\AndroidManifest.xml:215:13-77
221            android:authorities="com.example.squirrelwarehouse.firebaseinitprovider"
221-->src\main\AndroidManifest.xml:216:13-85
222            android:directBootAware="true"
222-->src\main\AndroidManifest.xml:217:13-43
223            android:exported="false"
223-->src\main\AndroidManifest.xml:218:13-37
224            android:initOrder="100" />
224-->src\main\AndroidManifest.xml:219:13-36
225
226        <activity
226-->src\main\AndroidManifest.xml:221:9-224:75
227            android:name="com.google.android.gms.common.api.GoogleApiActivity"
227-->src\main\AndroidManifest.xml:222:13-79
228            android:exported="false"
228-->src\main\AndroidManifest.xml:223:13-37
229            android:theme="@android:style/Theme.Translucent.NoTitleBar" />
229-->src\main\AndroidManifest.xml:224:13-72
230
231        <meta-data
231-->src\main\AndroidManifest.xml:226:9-228:69
232            android:name="com.google.android.gms.version"
232-->src\main\AndroidManifest.xml:227:13-58
233            android:value="@integer/google_play_services_version" />
233-->src\main\AndroidManifest.xml:228:13-66
234    </application>
235
236</manifest>